c:\users\lian ricardo\source\repos\proyecto_compiladores2\dll\intermediate\x64\debug\compilador.pch
c:\users\lian ricardo\source\repos\proyecto_compiladores2\dll\intermediate\x64\debug\vc142.pdb
c:\users\lian ricardo\source\repos\proyecto_compiladores2\dll\intermediate\x64\debug\pch.obj
c:\users\lian ricardo\source\repos\proyecto_compiladores2\dll\intermediate\x64\debug\tokens.obj
c:\users\lian ricardo\source\repos\proyecto_compiladores2\dll\intermediate\x64\debug\lexico.obj
c:\users\lian ricardo\source\repos\proyecto_compiladores2\dll\intermediate\x64\debug\errormodule.obj
c:\users\lian ricardo\source\repos\proyecto_compiladores2\dll\intermediate\x64\debug\compilador.obj
c:\users\lian ricardo\source\repos\proyecto_compiladores2\dll\intermediate\x64\debug\assemblyinfo.obj
c:\users\lian ricardo\source\repos\proyecto_compiladores2\dll\intermediate\x64\debug\.netframework,version=v4.7.2.assemblyattributes.obj
c:\users\lian ricardo\source\repos\proyecto_compiladores2\dll\intermediate\x64\debug\.netframework,version=v4.7.2.assemblyattributes.asm
c:\users\lian ricardo\source\repos\proyecto_compiladores2\dll\binaries\x64\debug\compilador.dll
c:\users\lian ricardo\source\repos\proyecto_compiladores2\dll\binaries\x64\debug\compilador.pdb
c:\users\lian ricardo\source\repos\proyecto_compiladores2\dll\intermediate\x64\debug\app.res
c:\users\lian ricardo\source\repos\proyecto_compiladores2\dll\intermediate\x64\debug\compilador.vcxprojassemblyreference.cache
c:\users\lian ricardo\source\repos\proyecto_compiladores2\\dll\binaries\x64\debug\compilador.pdb
c:\users\lian ricardo\source\repos\proyecto_compiladores2\\dll\binaries\x64\debug\compilador.dll
c:\users\lian ricardo\source\repos\proyecto_compiladores2\dll\intermediate\x64\debug\compilador.tlog\cl.command.1.tlog
c:\users\lian ricardo\source\repos\proyecto_compiladores2\dll\intermediate\x64\debug\compilador.tlog\cl.read.1.tlog
c:\users\lian ricardo\source\repos\proyecto_compiladores2\dll\intermediate\x64\debug\compilador.tlog\cl.write.1.tlog
c:\users\lian ricardo\source\repos\proyecto_compiladores2\dll\intermediate\x64\debug\compilador.tlog\link.command.1.tlog
c:\users\lian ricardo\source\repos\proyecto_compiladores2\dll\intermediate\x64\debug\compilador.tlog\link.read.1.tlog
c:\users\lian ricardo\source\repos\proyecto_compiladores2\dll\intermediate\x64\debug\compilador.tlog\link.write.1.tlog
c:\users\lian ricardo\source\repos\proyecto_compiladores2\dll\intermediate\x64\debug\compilador.tlog\metagen.read.1.tlog
c:\users\lian ricardo\source\repos\proyecto_compiladores2\dll\intermediate\x64\debug\compilador.tlog\metagen.write.1.tlog
c:\users\lian ricardo\source\repos\proyecto_compiladores2\dll\intermediate\x64\debug\compilador.tlog\rc.command.1.tlog
c:\users\lian ricardo\source\repos\proyecto_compiladores2\dll\intermediate\x64\debug\compilador.tlog\rc.read.1.tlog
c:\users\lian ricardo\source\repos\proyecto_compiladores2\dll\intermediate\x64\debug\compilador.tlog\rc.write.1.tlog
